d:\r6 cheats\r6 hacks\r6 cheats\r6 cheats\x64\release\vc142.pdb
d:\r6 cheats\r6 hacks\r6 cheats\r6 cheats\x64\release\nospreadrecoil.obj
d:\r6 cheats\r6 hacks\r6 cheats\r6 cheats\x64\release\main.obj
d:\r6 cheats\r6 hacks\r6 cheats\r6 cheats\x64\release\functions.obj
d:\r6 cheats\r6 hacks\r6 cheats\r6 cheats\x64\release\nospread.obj
d:\r6 cheats\r6 hacks\r6 cheats\r6 cheats\x64\release\esp.obj
d:\r6 cheats\r6 hacks\r6 cheats\r6 cheats\x64\release\norecoil.obj
d:\r6 cheats\r6 hacks\r6 cheats\r6 cheats\x64\release\infiniteammo.obj
d:\r6 cheats\r6 hacks\r6 cheats\r6 cheats\x64\release\weaponfov.obj
d:\r6 cheats\r6 hacks\r6 cheats\x64\release\r6 cheats.exe
d:\r6 cheats\r6 hacks\r6 cheats\x64\release\r6 cheats.pdb
d:\r6 cheats\r6 hacks\r6 cheats\x64\release\r6 cheats.ipdb
d:\r6 cheats\r6 hacks\r6 cheats\x64\release\r6 cheats.iobj
d:\r6 cheats\r6 hacks\r6 cheats\r6 cheats\x64\release\vcpkg.applocal.log
d:\r6 cheats\r6 hacks\r6 cheats\r6 cheats\x64\release\r6 cheats.tlog\cl.command.1.tlog
d:\r6 cheats\r6 hacks\r6 cheats\r6 cheats\x64\release\r6 cheats.tlog\cl.read.1.tlog
d:\r6 cheats\r6 hacks\r6 cheats\r6 cheats\x64\release\r6 cheats.tlog\cl.write.1.tlog
d:\r6 cheats\r6 hacks\r6 cheats\r6 cheats\x64\release\r6 cheats.tlog\link.command.1.tlog
d:\r6 cheats\r6 hacks\r6 cheats\r6 cheats\x64\release\r6 cheats.tlog\link.read.1.tlog
d:\r6 cheats\r6 hacks\r6 cheats\r6 cheats\x64\release\r6 cheats.tlog\link.write.1.tlog
d:\r6 cheats\r6 hacks\r6 cheats\r6 cheats\x64\release\r6 cheats.tlog\r6 cheats.write.1u.tlog
